2023-01-30 21:30:30,591 - edu.stanford.nlp.pipeline.StanfordCoreNLP -INFO - Adding annotator tokenize
2023-01-30 21:30:30,608 - edu.stanford.nlp.pipeline.StanfordCoreNLP -INFO - Adding annotator pos
2023-01-30 21:30:31,326 - edu.stanford.nlp.tagger.maxent.MaxentTagger -INFO - Loading POS tagger from edu/stanford/nlp/models/pos-tagger/english-left3words-distsim.tagger ... done [0.7 sec].
2023-01-30 21:30:31,328 - edu.stanford.nlp.pipeline.StanfordCoreNLP -INFO - Adding annotator lemma
2023-01-30 21:30:31,329 - edu.stanford.nlp.pipeline.StanfordCoreNLP -INFO - Adding annotator ner
2023-01-30 21:30:32,595 - edu.stanford.nlp.ie.AbstractSequenceClassifier -INFO - Loading classifier from edu/stanford/nlp/models/ner/english.all.3class.distsim.crf.ser.gz ... done [1.2 sec].
2023-01-30 21:30:33,102 - edu.stanford.nlp.ie.AbstractSequenceClassifier -INFO - Loading classifier from edu/stanford/nlp/models/ner/english.muc.7class.distsim.crf.ser.gz ... done [0.5 sec].
2023-01-30 21:30:33,613 - edu.stanford.nlp.ie.AbstractSequenceClassifier -INFO - Loading classifier from edu/stanford/nlp/models/ner/english.conll.4class.distsim.crf.ser.gz ... done [0.5 sec].
2023-01-30 21:30:33,719 - edu.stanford.nlp.time.JollyDayHolidays -INFO - Initializing JollyDayHoliday for SUTime from classpath edu/stanford/nlp/models/sutime/jollyday/Holidays_sutime.xml as sutime.binder.1.
2023-01-30 21:30:33,987 - edu.stanford.nlp.time.TimeExpressionExtractorImpl -INFO - Using following SUTime rules: edu/stanford/nlp/models/sutime/defs.sutime.txt,edu/stanford/nlp/models/sutime/english.sutime.txt,edu/stanford/nlp/models/sutime/english.holidays.sutime.txt
2023-01-30 21:30:36,500 - edu.stanford.nlp.pipeline.TokensRegexNERAnnotator -INFO - ner.fine.regexner: Read 580705 unique entries out of 581864 from edu/stanford/nlp/models/kbp/english/gazetteers/regexner_caseless.tab, 0 TokensRegex patterns.
2023-01-30 21:30:36,512 - edu.stanford.nlp.pipeline.TokensRegexNERAnnotator -INFO - ner.fine.regexner: Read 4867 unique entries out of 4867 from edu/stanford/nlp/models/kbp/english/gazetteers/regexner_cased.tab, 0 TokensRegex patterns.
2023-01-30 21:30:36,512 - edu.stanford.nlp.pipeline.TokensRegexNERAnnotator -INFO - ner.fine.regexner: Read 585572 unique entries from 2 files
2023-01-30 21:30:39,026 - edu.stanford.nlp.pipeline.NERCombinerAnnotator -INFO - numeric classifiers: true; SUTime: true [no docDate]; fine grained: true
2023-01-30 21:30:39,028 - edu.stanford.nlp.pipeline.StanfordCoreNLP -INFO - Adding annotator parse
2023-01-30 21:30:39,667 - edu.stanford.nlp.parser.common.ParserGrammar -INFO - Loading parser from serialized file edu/stanford/nlp/models/lexparser/englishPCFG.ser.gz ... done [0.6 sec].
2023-01-30 23:34:32,752 - edu.stanford.nlp.pipeline.StanfordCoreNLP -INFO - Adding annotator tokenize
2023-01-30 23:34:32,784 - edu.stanford.nlp.pipeline.StanfordCoreNLP -INFO - Adding annotator pos
2023-01-30 23:34:33,551 - edu.stanford.nlp.tagger.maxent.MaxentTagger -INFO - Loading POS tagger from edu/stanford/nlp/models/pos-tagger/english-left3words-distsim.tagger ... done [0.7 sec].
2023-01-30 23:34:33,553 - edu.stanford.nlp.pipeline.StanfordCoreNLP -INFO - Adding annotator lemma
2023-01-30 23:34:33,555 - edu.stanford.nlp.pipeline.StanfordCoreNLP -INFO - Adding annotator ner
2023-01-30 23:34:34,922 - edu.stanford.nlp.ie.AbstractSequenceClassifier -INFO - Loading classifier from edu/stanford/nlp/models/ner/english.all.3class.distsim.crf.ser.gz ... done [1.3 sec].
2023-01-30 23:34:35,523 - edu.stanford.nlp.ie.AbstractSequenceClassifier -INFO - Loading classifier from edu/stanford/nlp/models/ner/english.muc.7class.distsim.crf.ser.gz ... done [0.6 sec].
2023-01-30 23:34:36,172 - edu.stanford.nlp.ie.AbstractSequenceClassifier -INFO - Loading classifier from edu/stanford/nlp/models/ner/english.conll.4class.distsim.crf.ser.gz ... done [0.6 sec].
2023-01-30 23:34:36,176 - edu.stanford.nlp.time.JollyDayHolidays -INFO - Initializing JollyDayHoliday for SUTime from classpath edu/stanford/nlp/models/sutime/jollyday/Holidays_sutime.xml as sutime.binder.1.
2023-01-30 23:34:36,542 - edu.stanford.nlp.time.TimeExpressionExtractorImpl -INFO - Using following SUTime rules: edu/stanford/nlp/models/sutime/defs.sutime.txt,edu/stanford/nlp/models/sutime/english.sutime.txt,edu/stanford/nlp/models/sutime/english.holidays.sutime.txt
2023-01-30 23:34:39,827 - edu.stanford.nlp.pipeline.TokensRegexNERAnnotator -INFO - ner.fine.regexner: Read 580705 unique entries out of 581864 from edu/stanford/nlp/models/kbp/english/gazetteers/regexner_caseless.tab, 0 TokensRegex patterns.
2023-01-30 23:34:39,843 - edu.stanford.nlp.pipeline.TokensRegexNERAnnotator -INFO - ner.fine.regexner: Read 4867 unique entries out of 4867 from edu/stanford/nlp/models/kbp/english/gazetteers/regexner_cased.tab, 0 TokensRegex patterns.
2023-01-30 23:34:39,843 - edu.stanford.nlp.pipeline.TokensRegexNERAnnotator -INFO - ner.fine.regexner: Read 585572 unique entries from 2 files
2023-01-30 23:34:42,990 - edu.stanford.nlp.pipeline.NERCombinerAnnotator -INFO - numeric classifiers: true; SUTime: true [no docDate]; fine grained: true
2023-01-30 23:34:42,993 - edu.stanford.nlp.pipeline.StanfordCoreNLP -INFO - Adding annotator parse
2023-01-30 23:34:43,731 - edu.stanford.nlp.parser.common.ParserGrammar -INFO - Loading parser from serialized file edu/stanford/nlp/models/lexparser/englishPCFG.ser.gz ... done [0.7 sec].
2023-02-04 23:47:10,204 - edu.stanford.nlp.pipeline.StanfordCoreNLP -INFO - Adding annotator tokenize
2023-02-04 23:47:10,248 - edu.stanford.nlp.pipeline.StanfordCoreNLP -INFO - Adding annotator pos
2023-02-04 23:47:10,952 - edu.stanford.nlp.tagger.maxent.MaxentTagger -INFO - Loading POS tagger from edu/stanford/nlp/models/pos-tagger/english-left3words-distsim.tagger ... done [0.7 sec].
2023-02-04 23:47:10,954 - edu.stanford.nlp.pipeline.StanfordCoreNLP -INFO - Adding annotator lemma
2023-02-04 23:47:10,958 - edu.stanford.nlp.pipeline.StanfordCoreNLP -INFO - Adding annotator ner
2023-02-04 23:47:12,241 - edu.stanford.nlp.ie.AbstractSequenceClassifier -INFO - Loading classifier from edu/stanford/nlp/models/ner/english.all.3class.distsim.crf.ser.gz ... done [1.2 sec].
2023-02-04 23:47:12,736 - edu.stanford.nlp.ie.AbstractSequenceClassifier -INFO - Loading classifier from edu/stanford/nlp/models/ner/english.muc.7class.distsim.crf.ser.gz ... done [0.5 sec].
2023-02-04 23:47:13,319 - edu.stanford.nlp.ie.AbstractSequenceClassifier -INFO - Loading classifier from edu/stanford/nlp/models/ner/english.conll.4class.distsim.crf.ser.gz ... done [0.6 sec].
2023-02-04 23:47:13,322 - edu.stanford.nlp.time.JollyDayHolidays -INFO - Initializing JollyDayHoliday for SUTime from classpath edu/stanford/nlp/models/sutime/jollyday/Holidays_sutime.xml as sutime.binder.1.
2023-02-04 23:47:13,596 - edu.stanford.nlp.time.TimeExpressionExtractorImpl -INFO - Using following SUTime rules: edu/stanford/nlp/models/sutime/defs.sutime.txt,edu/stanford/nlp/models/sutime/english.sutime.txt,edu/stanford/nlp/models/sutime/english.holidays.sutime.txt
2023-02-04 23:47:16,022 - edu.stanford.nlp.pipeline.TokensRegexNERAnnotator -INFO - ner.fine.regexner: Read 580705 unique entries out of 581864 from edu/stanford/nlp/models/kbp/english/gazetteers/regexner_caseless.tab, 0 TokensRegex patterns.
2023-02-04 23:47:16,044 - edu.stanford.nlp.pipeline.TokensRegexNERAnnotator -INFO - ner.fine.regexner: Read 4867 unique entries out of 4867 from edu/stanford/nlp/models/kbp/english/gazetteers/regexner_cased.tab, 0 TokensRegex patterns.
2023-02-04 23:47:16,045 - edu.stanford.nlp.pipeline.TokensRegexNERAnnotator -INFO - ner.fine.regexner: Read 585572 unique entries from 2 files
2023-02-04 23:47:18,391 - edu.stanford.nlp.pipeline.NERCombinerAnnotator -INFO - numeric classifiers: true; SUTime: true [no docDate]; fine grained: true
2023-02-04 23:47:18,394 - edu.stanford.nlp.pipeline.StanfordCoreNLP -INFO - Adding annotator parse
2023-02-04 23:47:18,882 - edu.stanford.nlp.parser.common.ParserGrammar -INFO - Loading parser from serialized file edu/stanford/nlp/models/lexparser/englishPCFG.ser.gz ... done [0.5 sec].
2023-02-04 23:58:57,929 - edu.stanford.nlp.pipeline.StanfordCoreNLP -INFO - Adding annotator tokenize
2023-02-04 23:58:57,944 - edu.stanford.nlp.pipeline.StanfordCoreNLP -INFO - Adding annotator pos
2023-02-04 23:58:58,619 - edu.stanford.nlp.tagger.maxent.MaxentTagger -INFO - Loading POS tagger from edu/stanford/nlp/models/pos-tagger/english-left3words-distsim.tagger ... done [0.7 sec].
2023-02-04 23:58:58,621 - edu.stanford.nlp.pipeline.StanfordCoreNLP -INFO - Adding annotator lemma
2023-02-04 23:58:58,622 - edu.stanford.nlp.pipeline.StanfordCoreNLP -INFO - Adding annotator ner
2023-02-04 23:58:59,733 - edu.stanford.nlp.ie.AbstractSequenceClassifier -INFO - Loading classifier from edu/stanford/nlp/models/ner/english.all.3class.distsim.crf.ser.gz ... done [1.1 sec].
2023-02-04 23:59:00,258 - edu.stanford.nlp.ie.AbstractSequenceClassifier -INFO - Loading classifier from edu/stanford/nlp/models/ner/english.muc.7class.distsim.crf.ser.gz ... done [0.5 sec].
2023-02-04 23:59:00,775 - edu.stanford.nlp.ie.AbstractSequenceClassifier -INFO - Loading classifier from edu/stanford/nlp/models/ner/english.conll.4class.distsim.crf.ser.gz ... done [0.5 sec].
2023-02-04 23:59:00,777 - edu.stanford.nlp.time.JollyDayHolidays -INFO - Initializing JollyDayHoliday for SUTime from classpath edu/stanford/nlp/models/sutime/jollyday/Holidays_sutime.xml as sutime.binder.1.
2023-02-04 23:59:01,020 - edu.stanford.nlp.time.TimeExpressionExtractorImpl -INFO - Using following SUTime rules: edu/stanford/nlp/models/sutime/defs.sutime.txt,edu/stanford/nlp/models/sutime/english.sutime.txt,edu/stanford/nlp/models/sutime/english.holidays.sutime.txt
2023-02-04 23:59:03,124 - edu.stanford.nlp.pipeline.TokensRegexNERAnnotator -INFO - ner.fine.regexner: Read 580705 unique entries out of 581864 from edu/stanford/nlp/models/kbp/english/gazetteers/regexner_caseless.tab, 0 TokensRegex patterns.
2023-02-04 23:59:03,135 - edu.stanford.nlp.pipeline.TokensRegexNERAnnotator -INFO - ner.fine.regexner: Read 4867 unique entries out of 4867 from edu/stanford/nlp/models/kbp/english/gazetteers/regexner_cased.tab, 0 TokensRegex patterns.
2023-02-04 23:59:03,136 - edu.stanford.nlp.pipeline.TokensRegexNERAnnotator -INFO - ner.fine.regexner: Read 585572 unique entries from 2 files
2023-02-04 23:59:05,312 - edu.stanford.nlp.pipeline.NERCombinerAnnotator -INFO - numeric classifiers: true; SUTime: true [no docDate]; fine grained: true
2023-02-04 23:59:05,313 - edu.stanford.nlp.pipeline.StanfordCoreNLP -INFO - Adding annotator parse
2023-02-04 23:59:05,822 - edu.stanford.nlp.parser.common.ParserGrammar -INFO - Loading parser from serialized file edu/stanford/nlp/models/lexparser/englishPCFG.ser.gz ... done [0.5 sec].
2023-02-05 00:29:47,886 - edu.stanford.nlp.pipeline.StanfordCoreNLP -INFO - Adding annotator tokenize
2023-02-05 00:29:47,901 - edu.stanford.nlp.pipeline.StanfordCoreNLP -INFO - Adding annotator pos
2023-02-05 00:29:48,573 - edu.stanford.nlp.tagger.maxent.MaxentTagger -INFO - Loading POS tagger from edu/stanford/nlp/models/pos-tagger/english-left3words-distsim.tagger ... done [0.7 sec].
2023-02-05 00:29:48,574 - edu.stanford.nlp.pipeline.StanfordCoreNLP -INFO - Adding annotator lemma
2023-02-05 00:29:48,575 - edu.stanford.nlp.pipeline.StanfordCoreNLP -INFO - Adding annotator ner
2023-02-05 00:29:49,808 - edu.stanford.nlp.ie.AbstractSequenceClassifier -INFO - Loading classifier from edu/stanford/nlp/models/ner/english.all.3class.distsim.crf.ser.gz ... done [1.2 sec].
2023-02-05 00:29:50,264 - edu.stanford.nlp.ie.AbstractSequenceClassifier -INFO - Loading classifier from edu/stanford/nlp/models/ner/english.muc.7class.distsim.crf.ser.gz ... done [0.5 sec].
2023-02-05 00:29:50,807 - edu.stanford.nlp.ie.AbstractSequenceClassifier -INFO - Loading classifier from edu/stanford/nlp/models/ner/english.conll.4class.distsim.crf.ser.gz ... done [0.5 sec].
2023-02-05 00:29:50,811 - edu.stanford.nlp.time.JollyDayHolidays -INFO - Initializing JollyDayHoliday for SUTime from classpath edu/stanford/nlp/models/sutime/jollyday/Holidays_sutime.xml as sutime.binder.1.
2023-02-05 00:29:51,063 - edu.stanford.nlp.time.TimeExpressionExtractorImpl -INFO - Using following SUTime rules: edu/stanford/nlp/models/sutime/defs.sutime.txt,edu/stanford/nlp/models/sutime/english.sutime.txt,edu/stanford/nlp/models/sutime/english.holidays.sutime.txt
2023-02-05 00:29:53,275 - edu.stanford.nlp.pipeline.TokensRegexNERAnnotator -INFO - ner.fine.regexner: Read 580705 unique entries out of 581864 from edu/stanford/nlp/models/kbp/english/gazetteers/regexner_caseless.tab, 0 TokensRegex patterns.
2023-02-05 00:29:53,286 - edu.stanford.nlp.pipeline.TokensRegexNERAnnotator -INFO - ner.fine.regexner: Read 4867 unique entries out of 4867 from edu/stanford/nlp/models/kbp/english/gazetteers/regexner_cased.tab, 0 TokensRegex patterns.
2023-02-05 00:29:53,287 - edu.stanford.nlp.pipeline.TokensRegexNERAnnotator -INFO - ner.fine.regexner: Read 585572 unique entries from 2 files
2023-02-05 00:29:55,358 - edu.stanford.nlp.pipeline.NERCombinerAnnotator -INFO - numeric classifiers: true; SUTime: true [no docDate]; fine grained: true
2023-02-05 00:29:55,360 - edu.stanford.nlp.pipeline.StanfordCoreNLP -INFO - Adding annotator parse
2023-02-05 00:29:56,031 - edu.stanford.nlp.parser.common.ParserGrammar -INFO - Loading parser from serialized file edu/stanford/nlp/models/lexparser/englishPCFG.ser.gz ... done [0.7 sec].
